<?xml version="1.0" encoding="UTF-8"?>
<!-- Generated by org.testng.reporters.JUnitXMLReporter -->
<testsuite ignored="1" hostname="sirishas-Air.hitronhub.home" failures="2" tests="21" name="FREE CRM App Test Cases" time="366.605" errors="0" timestamp="2021-08-12T16:07:58 CDT">
  <testcase classname="com.crm.qa.testcases.LoginPageTest" name="loginpageTitleTest" time="0.092"/>
  <testcase classname="com.crm.qa.testcases.LoginPageTest" name="crmLogoTest" time="0.217"/>
  <testcase classname="com.crm.qa.testcases.LoginPageTest" name="loginPageTest" time="3.658"/>
  <testcase classname="com.crm.qa.testcases.HomePageTest" name="verifyHomePageTitleTest" time="0.03"/>
  <testcase classname="com.crm.qa.testcases.HomePageTest" name="verifyCorrectUserName" time="0.136"/>
  <testcase classname="com.crm.qa.testcases.HomePageTest" name="verifyContactsLinkTest" time="0.6"/>
  <testcase classname="com.crm.qa.testcases.HomePageTest" name="verifyNewContactsLinkTest" time="1.175"/>
  <testcase classname="com.crm.qa.testcases.HomePageTest" name="verifyDealsLinkTest" time="0.632"/>
  <testcase classname="com.crm.qa.testcases.HomePageTest" name="verifyNewDealLinkTest" time="1.165"/>
  <testcase classname="com.crm.qa.testcases.ContactPageTest" name="verifyContactsLabelTest" time="0.072"/>
  <testcase classname="com.crm.qa.testcases.ContactPageTest" name="selectContactTest" time="20.105">
    <skipped/>
  </testcase> <!-- selectContactTest -->
  <testcase classname="com.crm.qa.testcases.ContactPageTest" name="selectContactTest" time="20.069">
    <skipped/>
  </testcase> <!-- selectContactTest -->
  <testcase classname="com.crm.qa.testcases.ContactPageTest" name="selectContactTest" time="20.054">
    <skipped/>
  </testcase> <!-- selectContactTest -->
  <testcase classname="com.crm.qa.testcases.ContactPageTest" name="selectContactTest" time="20.099">
    <failure type="org.openqa.selenium.NoSuchElementException" message="no such element: Unable to locate element: {&amp;quot;method&amp;quot;:&amp;quot;xpath&amp;quot;,&amp;quot;selector&amp;quot;:&amp;quot;//a[contains(text(),&amp;apos;arjun macha&amp;apos;)]//parent::td//preceding-sibling::td/input[@type=&amp;apos;checkbox&amp;apos;]&amp;quot;}
  (Session info: chrome=92.0.4515.131)
For documentation on this error, please visit: https://selenium.dev/exceptions/#no_such_element
Build info: version: &amp;apos;4.0.0-beta-4&amp;apos;, revision: &amp;apos;29f46d02dd&amp;apos;
System info: host: &amp;apos;sirishas-Air.hitronhub.home&amp;apos;, ip: &amp;apos;fd00:6477:7d8e:fdd2:1050:1bc4:a9c2:828b%en0&amp;apos;, os.name: &amp;apos;Mac OS X&amp;apos;, os.arch: &amp;apos;x86_64&amp;apos;, os.version: &amp;apos;10.16&amp;apos;, java.version: &amp;apos;15.0.1&amp;apos;
Driver info: org.openqa.selenium.chrome.ChromeDriver
Command: [e3888661a3808622320d69c15e98f5a7, findElement {using=xpath, value=//a[contains(text(),&amp;apos;arjun macha&amp;apos;)]//parent::td//preceding-sibling::td/input[@type=&amp;apos;checkbox&amp;apos;]}]
Capabilities {acceptInsecureCerts: false, browserName: chrome, browserVersion: 92.0.4515.131, chrome: {chromedriverVersion: 92.0.4515.107 (87a818b10553..., userDataDir: /var/folders/zr/67v8hms17k3...}, goog:chromeOptions: {debuggerAddress: localhost:50616}, javascriptEnabled: true, networkConnectionEnabled: false, pageLoadStrategy: normal, platform: MAC, platformName: MAC, proxy: Proxy(), se:cdp: ws://localhost:50616/devtoo..., se:cdpVersion: 92.0.4515.131, setWindowRect: true, strictFileInteractability: false, timeouts: {implicit: 0, pageLoad: 300000, script: 30000}, unhandledPromptBehavior: dismiss and notify, webauthn:extension:credBlob: true, webauthn:extension:largeBlob: true, webauthn:virtualAuthenticators: true}
Session ID: e3888661a3808622320d69c15e98f5a7">
      <![CDATA[org.openqa.selenium.NoSuchElementException: no such element: Unable to locate element: {"method":"xpath","selector":"//a[contains(text(),'arjun macha')]//parent::td//preceding-sibling::td/input[@type='checkbox']"}
  (Session info: chrome=92.0.4515.131)
For documentation on this error, please visit: https://selenium.dev/exceptions/#no_such_element
Build info: version: '4.0.0-beta-4', revision: '29f46d02dd'
System info: host: 'sirishas-Air.hitronhub.home', ip: 'fd00:6477:7d8e:fdd2:1050:1bc4:a9c2:828b%en0', os.name: 'Mac OS X', os.arch: 'x86_64', os.version: '10.16', java.version: '15.0.1'
Driver info: org.openqa.selenium.chrome.ChromeDriver
Command: [e3888661a3808622320d69c15e98f5a7, findElement {using=xpath, value=//a[contains(text(),'arjun macha')]//parent::td//preceding-sibling::td/input[@type='checkbox']}]
Capabilities {acceptInsecureCerts: false, browserName: chrome, browserVersion: 92.0.4515.131, chrome: {chromedriverVersion: 92.0.4515.107 (87a818b10553..., userDataDir: /var/folders/zr/67v8hms17k3...}, goog:chromeOptions: {debuggerAddress: localhost:50616}, javascriptEnabled: true, networkConnectionEnabled: false, pageLoadStrategy: normal, platform: MAC, platformName: MAC, proxy: Proxy(), se:cdp: ws://localhost:50616/devtoo..., se:cdpVersion: 92.0.4515.131, setWindowRect: true, strictFileInteractability: false, timeouts: {implicit: 0, pageLoad: 300000, script: 30000}, unhandledPromptBehavior: dismiss and notify, webauthn:extension:credBlob: true, webauthn:extension:largeBlob: true, webauthn:virtualAuthenticators: true}
Session ID: e3888661a3808622320d69c15e98f5a7
at org.openqa.selenium.remote.codec.w3c.W3CHttpResponseCodec.createException(W3CHttpResponseCodec.java:200)
at org.openqa.selenium.remote.codec.w3c.W3CHttpResponseCodec.decode(W3CHttpResponseCodec.java:133)
at org.openqa.selenium.remote.codec.w3c.W3CHttpResponseCodec.decode(W3CHttpResponseCodec.java:53)
at org.openqa.selenium.remote.HttpCommandExecutor.execute(HttpCommandExecutor.java:184)
at org.openqa.selenium.remote.service.DriverCommandExecutor.invokeExecute(DriverCommandExecutor.java:162)
at org.openqa.selenium.remote.service.DriverCommandExecutor.execute(DriverCommandExecutor.java:137)
at org.openqa.selenium.remote.RemoteWebDriver.execute(RemoteWebDriver.java:612)
at org.openqa.selenium.remote.RemoteWebDriver$Mechanism$2.findElement(RemoteWebDriver.java:1251)
at org.openqa.selenium.remote.RemoteWebDriver.findElement(RemoteWebDriver.java:379)
at org.openqa.selenium.remote.RemoteWebDriver.findElement(RemoteWebDriver.java:373)
at org.openqa.selenium.support.events.EventFiringWebDriver.lambda$new$1(EventFiringWebDriver.java:115)
at com.sun.proxy.$Proxy19.findElement(Unknown Source)
at org.openqa.selenium.support.events.EventFiringWebDriver.findElement(EventFiringWebDriver.java:204)
at com.crm.qa.pages.ContactPage.selectContactsByName(ContactPage.java:47)
at com.crm.qa.testcases.ContactPageTest.selectContactTest(ContactPageTest.java:49)
at java.base/java.util.ArrayList.forEach(ArrayList.java:1511)
... Removed 35 stack frames]]>
    </failure>
  </testcase> <!-- selectContactTest -->
  <testcase classname="com.crm.qa.testcases.ContactPageTest" name="selectMultipleContactTest" time="20.093">
    <skipped/>
  </testcase> <!-- selectMultipleContactTest -->
  <testcase classname="com.crm.qa.testcases.ContactPageTest" name="selectMultipleContactTest" time="20.086">
    <skipped/>
  </testcase> <!-- selectMultipleContactTest -->
  <testcase classname="com.crm.qa.testcases.ContactPageTest" name="selectMultipleContactTest" time="20.071">
    <skipped/>
  </testcase> <!-- selectMultipleContactTest -->
  <testcase classname="com.crm.qa.testcases.ContactPageTest" name="selectMultipleContactTest" time="20.056">
    <failure type="org.openqa.selenium.NoSuchElementException" message="no such element: Unable to locate element: {&amp;quot;method&amp;quot;:&amp;quot;xpath&amp;quot;,&amp;quot;selector&amp;quot;:&amp;quot;//a[contains(text(),&amp;apos;arjun macha&amp;apos;)]//parent::td//preceding-sibling::td/input[@type=&amp;apos;checkbox&amp;apos;]&amp;quot;}
  (Session info: chrome=92.0.4515.131)
For documentation on this error, please visit: https://selenium.dev/exceptions/#no_such_element
Build info: version: &amp;apos;4.0.0-beta-4&amp;apos;, revision: &amp;apos;29f46d02dd&amp;apos;
System info: host: &amp;apos;sirishas-Air.hitronhub.home&amp;apos;, ip: &amp;apos;fd00:6477:7d8e:fdd2:1050:1bc4:a9c2:828b%en0&amp;apos;, os.name: &amp;apos;Mac OS X&amp;apos;, os.arch: &amp;apos;x86_64&amp;apos;, os.version: &amp;apos;10.16&amp;apos;, java.version: &amp;apos;15.0.1&amp;apos;
Driver info: org.openqa.selenium.chrome.ChromeDriver
Command: [16da7677e89eb48dc6a14d6a068454bf, findElement {using=xpath, value=//a[contains(text(),&amp;apos;arjun macha&amp;apos;)]//parent::td//preceding-sibling::td/input[@type=&amp;apos;checkbox&amp;apos;]}]
Capabilities {acceptInsecureCerts: false, browserName: chrome, browserVersion: 92.0.4515.131, chrome: {chromedriverVersion: 92.0.4515.107 (87a818b10553..., userDataDir: /var/folders/zr/67v8hms17k3...}, goog:chromeOptions: {debuggerAddress: localhost:50780}, javascriptEnabled: true, networkConnectionEnabled: false, pageLoadStrategy: normal, platform: MAC, platformName: MAC, proxy: Proxy(), se:cdp: ws://localhost:50780/devtoo..., se:cdpVersion: 92.0.4515.131, setWindowRect: true, strictFileInteractability: false, timeouts: {implicit: 0, pageLoad: 300000, script: 30000}, unhandledPromptBehavior: dismiss and notify, webauthn:extension:credBlob: true, webauthn:extension:largeBlob: true, webauthn:virtualAuthenticators: true}
Session ID: 16da7677e89eb48dc6a14d6a068454bf">
      <![CDATA[org.openqa.selenium.NoSuchElementException: no such element: Unable to locate element: {"method":"xpath","selector":"//a[contains(text(),'arjun macha')]//parent::td//preceding-sibling::td/input[@type='checkbox']"}
  (Session info: chrome=92.0.4515.131)
For documentation on this error, please visit: https://selenium.dev/exceptions/#no_such_element
Build info: version: '4.0.0-beta-4', revision: '29f46d02dd'
System info: host: 'sirishas-Air.hitronhub.home', ip: 'fd00:6477:7d8e:fdd2:1050:1bc4:a9c2:828b%en0', os.name: 'Mac OS X', os.arch: 'x86_64', os.version: '10.16', java.version: '15.0.1'
Driver info: org.openqa.selenium.chrome.ChromeDriver
Command: [16da7677e89eb48dc6a14d6a068454bf, findElement {using=xpath, value=//a[contains(text(),'arjun macha')]//parent::td//preceding-sibling::td/input[@type='checkbox']}]
Capabilities {acceptInsecureCerts: false, browserName: chrome, browserVersion: 92.0.4515.131, chrome: {chromedriverVersion: 92.0.4515.107 (87a818b10553..., userDataDir: /var/folders/zr/67v8hms17k3...}, goog:chromeOptions: {debuggerAddress: localhost:50780}, javascriptEnabled: true, networkConnectionEnabled: false, pageLoadStrategy: normal, platform: MAC, platformName: MAC, proxy: Proxy(), se:cdp: ws://localhost:50780/devtoo..., se:cdpVersion: 92.0.4515.131, setWindowRect: true, strictFileInteractability: false, timeouts: {implicit: 0, pageLoad: 300000, script: 30000}, unhandledPromptBehavior: dismiss and notify, webauthn:extension:credBlob: true, webauthn:extension:largeBlob: true, webauthn:virtualAuthenticators: true}
Session ID: 16da7677e89eb48dc6a14d6a068454bf
at org.openqa.selenium.remote.codec.w3c.W3CHttpResponseCodec.createException(W3CHttpResponseCodec.java:200)
at org.openqa.selenium.remote.codec.w3c.W3CHttpResponseCodec.decode(W3CHttpResponseCodec.java:133)
at org.openqa.selenium.remote.codec.w3c.W3CHttpResponseCodec.decode(W3CHttpResponseCodec.java:53)
at org.openqa.selenium.remote.HttpCommandExecutor.execute(HttpCommandExecutor.java:184)
at org.openqa.selenium.remote.service.DriverCommandExecutor.invokeExecute(DriverCommandExecutor.java:162)
at org.openqa.selenium.remote.service.DriverCommandExecutor.execute(DriverCommandExecutor.java:137)
at org.openqa.selenium.remote.RemoteWebDriver.execute(RemoteWebDriver.java:612)
at org.openqa.selenium.remote.RemoteWebDriver$Mechanism$2.findElement(RemoteWebDriver.java:1251)
at org.openqa.selenium.remote.RemoteWebDriver.findElement(RemoteWebDriver.java:379)
at org.openqa.selenium.remote.RemoteWebDriver.findElement(RemoteWebDriver.java:373)
at org.openqa.selenium.support.events.EventFiringWebDriver.lambda$new$1(EventFiringWebDriver.java:115)
at com.sun.proxy.$Proxy19.findElement(Unknown Source)
at org.openqa.selenium.support.events.EventFiringWebDriver.findElement(EventFiringWebDriver.java:204)
at com.crm.qa.pages.ContactPage.selectContactsByName(ContactPage.java:47)
at com.crm.qa.testcases.ContactPageTest.selectMultipleContactTest(ContactPageTest.java:55)
at java.base/java.util.ArrayList.forEach(ArrayList.java:1511)
... Removed 35 stack frames]]>
    </failure>
  </testcase> <!-- selectMultipleContactTest -->
  <testcase classname="com.crm.qa.testcases.ContactPageTest" name="validateCreateNewContact" time="3.198"/>
  <testcase classname="com.crm.qa.testcases.ContactPageTest" name="validateCreateNewContact" time="2.327"/>
  <testcase classname="com.crm.qa.testcases.ContactPageTest" name="validateCreateNewContact" time="2.293"/>
  <testcase classname="com.crm.qa.testcases.ContactPageTest" name="validateCreatedContactTest" time="0.0">
    <ignored/>
  </testcase> <!-- validateCreatedContactTest -->
</testsuite> <!-- FREE CRM App Test Cases -->
